20230301 21:34:15 INFO  [main] base.BaseTest BaseTest.java60 - goint to urlhttps://login.salesforce.com/
20230301 21:34:20 INFO  [main] base.BaseTest BaseTest.java60 - goint to urlhttps://login.salesforce.com/
20230301 21:34:25 INFO  [main] base.BaseTest BaseTest.java60 - goint to urlhttps://login.salesforce.com/
20230301 21:34:31 INFO  [main] base.BaseTest BaseTest.java60 - goint to urlhttps://login.salesforce.com/
20230301 21:34:36 INFO  [main] base.BaseTest BaseTest.java60 - goint to urlhttps://login.salesforce.com/
20230301 21:35:39 INFO  [main] base.BaseTest BaseTest.java60 - goint to urlhttps://login.salesforce.com/
20230301 21:35:46 INFO  [main] base.BasePage BasePage.java58 - pass:usernameElement  element cleared
20230301 21:35:47 INFO  [main] base.BasePage BasePage.java58 - pass:Password  element cleared
20230301 21:36:05 INFO  [main] base.BasePage BasePage.java70 - pass:loginButton  element clicked
20230301 21:36:07 INFO  [main] base.BaseTest BaseTest.java60 - goint to urlhttps://login.salesforce.com/
20230301 21:36:12 INFO  [main] base.BasePage BasePage.java58 - pass:usernameElement  element cleared
20230301 21:36:14 INFO  [main] base.BasePage BasePage.java58 - pass:Password  element cleared
20230301 21:36:16 INFO  [main] base.BasePage BasePage.java70 - pass:loginButton  element clicked
20230301 21:36:18 INFO  [main] base.BaseTest BaseTest.java60 - goint to urlhttps://login.salesforce.com/
20230301 21:36:20 INFO  [main] base.BasePage BasePage.java58 - pass:usernameElement  element cleared
20230301 21:36:22 INFO  [main] base.BasePage BasePage.java58 - pass:Password  element cleared
20230301 21:36:39 INFO  [main] base.BasePage BasePage.java70 - pass:loginButton  element clicked
20230301 21:36:41 INFO  [main] base.BaseTest BaseTest.java60 - goint to urlhttps://login.salesforce.com/
20230301 21:36:43 INFO  [main] base.BasePage BasePage.java58 - pass:usernameElement  element cleared
20230301 21:36:46 INFO  [main] base.BasePage BasePage.java58 - pass:Password  element cleared
20230301 21:36:56 INFO  [main] base.BasePage BasePage.java70 - pass:loginButton  element clicked
20230301 21:36:57 INFO  [main] base.BaseTest BaseTest.java60 - goint to urlhttps://login.salesforce.com/
20230301 21:37:04 INFO  [main] base.BasePage BasePage.java58 - pass:usernameElement  element cleared
20230301 21:37:06 INFO  [main] base.BasePage BasePage.java70 - pass:loginButton  element clicked
20230301 21:38:51 INFO  [main] base.BaseTest BaseTest.java60 - goint to urlhttps://login.salesforce.com/
20230301 21:38:54 INFO  [main] base.BasePage BasePage.java58 - pass:usernameElement  element cleared
20230301 21:38:56 INFO  [main] base.BasePage BasePage.java58 - pass:Password  element cleared
20230301 21:39:07 INFO  [main] base.BasePage BasePage.java70 - pass:loginButton  element clicked
20230301 21:39:09 INFO  [main] base.BaseTest BaseTest.java60 - goint to urlhttps://login.salesforce.com/
20230301 21:39:12 INFO  [main] base.BasePage BasePage.java58 - pass:usernameElement  element cleared
20230301 21:39:14 INFO  [main] base.BasePage BasePage.java58 - pass:Password  element cleared
20230301 21:39:15 INFO  [main] base.BasePage BasePage.java70 - pass:loginButton  element clicked
20230301 21:39:17 INFO  [main] base.BaseTest BaseTest.java60 - goint to urlhttps://login.salesforce.com/
20230301 21:39:20 INFO  [main] base.BasePage BasePage.java58 - pass:usernameElement  element cleared
20230301 21:39:22 INFO  [main] base.BasePage BasePage.java58 - pass:Password  element cleared
20230301 21:39:25 INFO  [main] base.BasePage BasePage.java70 - pass:loginButton  element clicked
20230301 21:39:33 INFO  [main] base.BasePage BasePage.java75 - fail:logout element not displayed
20230301 21:39:35 INFO  [main] base.BaseTest BaseTest.java60 - goint to urlhttps://login.salesforce.com/
20230301 21:39:36 INFO  [main] base.BasePage BasePage.java58 - pass:usernameElement  element cleared
20230301 21:39:39 INFO  [main] base.BasePage BasePage.java58 - pass:Password  element cleared
20230301 21:39:50 INFO  [main] base.BasePage BasePage.java70 - pass:loginButton  element clicked
20230301 21:39:52 INFO  [main] base.BaseTest BaseTest.java60 - goint to urlhttps://login.salesforce.com/
20230301 21:39:54 INFO  [main] base.BasePage BasePage.java58 - pass:usernameElement  element cleared
20230301 21:39:56 INFO  [main] base.BasePage BasePage.java70 - pass:loginButton  element clicked
20230301 21:39:59 INFO  [main] base.BasePage BasePage.java70 - pass:forgotPass  element clicked
20230301 21:39:59 INFO  [main] base.BasePage BasePage.java70 - pass:continueinlogin  element clicked
20230301 21:46:35 INFO  [main] base.BaseTest BaseTest.java60 - goint to urlhttps://login.salesforce.com/
20230301 21:46:40 INFO  [main] base.BasePage BasePage.java58 - pass:usernameElement  element cleared
20230301 21:46:42 INFO  [main] base.BasePage BasePage.java58 - pass:Password  element cleared
20230301 21:46:44 INFO  [main] base.BasePage BasePage.java70 - pass:loginButton  element clicked
20230301 21:46:55 INFO  [main] base.BaseTest BaseTest.java60 - goint to urlhttps://login.salesforce.com/
20230301 21:46:59 INFO  [main] base.BasePage BasePage.java58 - pass:usernameElement  element cleared
20230301 21:47:00 INFO  [main] base.BasePage BasePage.java58 - pass:Password  element cleared
20230301 21:47:01 INFO  [main] base.BasePage BasePage.java70 - pass:loginButton  element clicked
20230301 21:47:03 INFO  [main] base.BaseTest BaseTest.java60 - goint to urlhttps://login.salesforce.com/
20230301 21:47:05 INFO  [main] base.BasePage BasePage.java58 - pass:usernameElement  element cleared
20230301 21:47:07 INFO  [main] base.BasePage BasePage.java58 - pass:Password  element cleared
20230301 21:47:10 INFO  [main] base.BasePage BasePage.java70 - pass:loginButton  element clicked
20230301 21:47:15 INFO  [main] base.BasePage BasePage.java75 - fail:logout element not displayed
20230301 21:47:17 INFO  [main] base.BaseTest BaseTest.java60 - goint to urlhttps://login.salesforce.com/
20230301 21:47:21 INFO  [main] base.BasePage BasePage.java58 - pass:usernameElement  element cleared
20230301 21:47:23 INFO  [main] base.BasePage BasePage.java58 - pass:Password  element cleared
20230301 21:47:33 INFO  [main] base.BasePage BasePage.java70 - pass:loginButton  element clicked
20230301 21:47:35 INFO  [main] base.BaseTest BaseTest.java60 - goint to urlhttps://login.salesforce.com/
20230301 21:47:38 INFO  [main] base.BasePage BasePage.java58 - pass:usernameElement  element cleared
20230301 21:47:39 INFO  [main] base.BasePage BasePage.java70 - pass:loginButton  element clicked
20230301 21:47:40 INFO  [main] base.BasePage BasePage.java70 - pass:forgotPass  element clicked
20230301 21:47:41 INFO  [main] base.BasePage BasePage.java70 - pass:continueinlogin  element clicked
20230301 21:50:20 INFO  [main] base.BaseTest BaseTest.java60 - goint to urlhttps://login.salesforce.com/
20230301 21:50:23 INFO  [main] base.BasePage BasePage.java58 - pass:usernameElement  element cleared
20230301 21:50:25 INFO  [main] base.BasePage BasePage.java58 - pass:Password  element cleared
20230301 21:50:39 INFO  [main] base.BasePage BasePage.java70 - pass:loginButton  element clicked
20230301 21:50:41 INFO  [main] base.BaseTest BaseTest.java60 - goint to urlhttps://login.salesforce.com/
20230301 21:50:45 INFO  [main] base.BasePage BasePage.java58 - pass:usernameElement  element cleared
20230301 21:50:47 INFO  [main] base.BasePage BasePage.java58 - pass:Password  element cleared
20230301 21:50:49 INFO  [main] base.BasePage BasePage.java70 - pass:loginButton  element clicked
20230301 21:50:51 INFO  [main] base.BaseTest BaseTest.java60 - goint to urlhttps://login.salesforce.com/
20230301 21:50:54 INFO  [main] base.BasePage BasePage.java58 - pass:usernameElement  element cleared
20230301 21:50:56 INFO  [main] base.BasePage BasePage.java58 - pass:Password  element cleared
20230301 21:51:04 INFO  [main] base.BasePage BasePage.java70 - pass:loginButton  element clicked
20230301 21:51:04 INFO  [main] base.BasePage BasePage.java75 - fail:logout element not displayed
20230301 21:51:06 INFO  [main] base.BaseTest BaseTest.java60 - goint to urlhttps://login.salesforce.com/
20230301 21:51:08 INFO  [main] base.BasePage BasePage.java58 - pass:usernameElement  element cleared
20230301 21:51:11 INFO  [main] base.BasePage BasePage.java58 - pass:Password  element cleared
20230301 21:51:23 INFO  [main] base.BasePage BasePage.java70 - pass:loginButton  element clicked
20230301 21:51:24 INFO  [main] base.BaseTest BaseTest.java60 - goint to urlhttps://login.salesforce.com/
20230301 21:51:27 INFO  [main] base.BasePage BasePage.java58 - pass:usernameElement  element cleared
20230301 21:51:31 INFO  [main] base.BasePage BasePage.java70 - pass:loginButton  element clicked
20230301 21:51:34 INFO  [main] base.BasePage BasePage.java70 - pass:forgotPass  element clicked
20230301 21:51:34 INFO  [main] base.BasePage BasePage.java70 - pass:continueinlogin  element clicked
20230301 21:53:57 INFO  [main] base.BaseTest BaseTest.java60 - goint to urlhttps://login.salesforce.com/
20230301 21:54:02 INFO  [main] base.BasePage BasePage.java58 - pass:usernameElement  element cleared
20230301 21:54:04 INFO  [main] base.BasePage BasePage.java58 - pass:Password  element cleared
20230301 21:54:17 INFO  [main] base.BasePage BasePage.java70 - pass:loginButton  element clicked
20230301 21:54:19 INFO  [main] base.BaseTest BaseTest.java60 - goint to urlhttps://login.salesforce.com/
20230301 21:54:23 INFO  [main] base.BasePage BasePage.java58 - pass:usernameElement  element cleared
20230301 21:54:25 INFO  [main] base.BasePage BasePage.java58 - pass:Password  element cleared
20230301 21:54:26 INFO  [main] base.BasePage BasePage.java70 - pass:loginButton  element clicked
20230301 21:54:28 INFO  [main] base.BaseTest BaseTest.java60 - goint to urlhttps://login.salesforce.com/
20230301 21:54:31 INFO  [main] base.BasePage BasePage.java58 - pass:usernameElement  element cleared
20230301 21:54:33 INFO  [main] base.BasePage BasePage.java58 - pass:Password  element cleared
20230301 21:54:37 INFO  [main] base.BasePage BasePage.java70 - pass:loginButton  element clicked
20230301 21:54:45 INFO  [main] base.BasePage BasePage.java75 - fail:logout element not displayed
20230301 21:54:47 INFO  [main] base.BaseTest BaseTest.java60 - goint to urlhttps://login.salesforce.com/
20230301 21:54:49 INFO  [main] base.BasePage BasePage.java58 - pass:usernameElement  element cleared
20230301 21:54:51 INFO  [main] base.BasePage BasePage.java58 - pass:Password  element cleared
20230301 21:55:01 INFO  [main] base.BasePage BasePage.java70 - pass:loginButton  element clicked
20230301 21:55:03 INFO  [main] base.BaseTest BaseTest.java60 - goint to urlhttps://login.salesforce.com/
20230301 21:55:06 INFO  [main] base.BasePage BasePage.java58 - pass:usernameElement  element cleared
20230301 21:55:08 INFO  [main] base.BasePage BasePage.java70 - pass:loginButton  element clicked
20230301 21:55:10 INFO  [main] base.BasePage BasePage.java70 - pass:forgotPass  element clicked
20230301 21:55:11 INFO  [main] base.BasePage BasePage.java70 - pass:continueinlogin  element clicked
20230302 11:57:57 INFO  [main] base.BaseTest BaseTest.java60 - goint to urlhttps://login.salesforce.com/
20230302 11:57:58 INFO  [main] base.BasePage BasePage.java58 - pass:usernameElement  element cleared
20230302 11:58:00 INFO  [main] base.BasePage BasePage.java58 - pass:Password  element cleared
20230302 11:58:02 INFO  [main] base.BasePage BasePage.java70 - pass:loginButton  element clicked
20230302 11:58:07 INFO  [main] base.BaseTest BaseTest.java60 - goint to urlhttps://login.salesforce.com/
20230302 11:58:09 INFO  [main] base.BasePage BasePage.java58 - pass:usernameElement  element cleared
20230302 11:58:11 INFO  [main] base.BasePage BasePage.java58 - pass:Password  element cleared
20230302 11:58:12 INFO  [main] base.BasePage BasePage.java70 - pass:loginButton  element clicked
20230302 11:58:14 INFO  [main] base.BaseTest BaseTest.java60 - goint to urlhttps://login.salesforce.com/
20230302 11:58:16 INFO  [main] base.BasePage BasePage.java58 - pass:usernameElement  element cleared
20230302 11:58:18 INFO  [main] base.BasePage BasePage.java58 - pass:Password  element cleared
20230302 11:58:20 INFO  [main] base.BasePage BasePage.java70 - pass:loginButton  element clicked
20230302 11:58:31 INFO  [main] base.BasePage BasePage.java75 - fail:logout element not displayed
20230302 11:58:33 INFO  [main] base.BaseTest BaseTest.java60 - goint to urlhttps://login.salesforce.com/
20230302 11:58:34 INFO  [main] base.BasePage BasePage.java58 - pass:usernameElement  element cleared
20230302 11:58:37 INFO  [main] base.BasePage BasePage.java58 - pass:Password  element cleared
20230302 11:58:47 INFO  [main] base.BasePage BasePage.java70 - pass:loginButton  element clicked
20230302 11:58:49 INFO  [main] base.BaseTest BaseTest.java60 - goint to urlhttps://login.salesforce.com/
20230302 11:58:50 INFO  [main] base.BasePage BasePage.java58 - pass:usernameElement  element cleared
20230302 11:58:53 INFO  [main] base.BasePage BasePage.java70 - pass:loginButton  element clicked
20230302 11:58:55 INFO  [main] base.BasePage BasePage.java70 - pass:forgotPass  element clicked
20230302 11:58:56 INFO  [main] base.BasePage BasePage.java70 - pass:continueinlogin  element clicked
20230303 11:07:55 INFO  [main] base.BaseTest BaseTest.java61 - goint to urlhttps://login.salesforce.com/
20230303 11:07:57 INFO  [main] base.BasePage BasePage.java58 - pass:usernameElement  element cleared
20230303 11:07:59 INFO  [main] base.BasePage BasePage.java58 - pass:Password  element cleared
20230303 11:08:01 INFO  [main] base.BasePage BasePage.java70 - pass:loginButton  element clicked
20230303 11:08:06 INFO  [main] base.BaseTest BaseTest.java61 - goint to urlhttps://login.salesforce.com/
20230303 11:08:07 INFO  [main] base.BasePage BasePage.java58 - pass:usernameElement  element cleared
20230303 11:08:09 INFO  [main] base.BasePage BasePage.java58 - pass:Password  element cleared
20230303 11:08:10 INFO  [main] base.BasePage BasePage.java70 - pass:loginButton  element clicked
20230303 11:08:12 INFO  [main] base.BaseTest BaseTest.java61 - goint to urlhttps://login.salesforce.com/
20230303 11:08:13 INFO  [main] base.BasePage BasePage.java58 - pass:usernameElement  element cleared
20230303 11:08:14 INFO  [main] base.BasePage BasePage.java58 - pass:Password  element cleared
20230303 11:08:17 INFO  [main] base.BasePage BasePage.java70 - pass:loginButton  element clicked
20230303 11:08:23 INFO  [main] base.BasePage BasePage.java75 - fail:logout element not displayed
20230303 11:08:25 INFO  [main] base.BaseTest BaseTest.java61 - goint to urlhttps://login.salesforce.com/
20230303 11:08:26 INFO  [main] base.BasePage BasePage.java58 - pass:usernameElement  element cleared
20230303 11:08:29 INFO  [main] base.BasePage BasePage.java58 - pass:Password  element cleared
20230303 11:08:41 INFO  [main] base.BasePage BasePage.java70 - pass:loginButton  element clicked
20230303 11:08:42 INFO  [main] base.BaseTest BaseTest.java61 - goint to urlhttps://login.salesforce.com/
20230303 11:08:43 INFO  [main] base.BasePage BasePage.java58 - pass:usernameElement  element cleared
20230303 11:08:45 INFO  [main] base.BasePage BasePage.java70 - pass:loginButton  element clicked
20230303 11:08:47 INFO  [main] base.BasePage BasePage.java70 - pass:forgotPass  element clicked
20230303 11:08:48 INFO  [main] base.BasePage BasePage.java70 - pass:continueinlogin  element clicked
20230303 11:13:20 INFO  [main] base.BaseTest BaseTest.java61 - goint to urlhttps://login.salesforce.com/
20230303 11:13:26 INFO  [main] base.BasePage BasePage.java58 - pass:usernameElement  element cleared
20230303 11:13:27 INFO  [main] base.BasePage BasePage.java58 - pass:Password  element cleared
20230303 11:13:34 INFO  [main] base.BasePage BasePage.java70 - pass:loginButton  element clicked
20230303 11:13:36 INFO  [main] base.BaseTest BaseTest.java61 - goint to urlhttps://login.salesforce.com/
20230303 11:13:37 INFO  [main] base.BasePage BasePage.java58 - pass:usernameElement  element cleared
20230303 11:13:38 INFO  [main] base.BasePage BasePage.java58 - pass:Password  element cleared
20230303 11:13:39 INFO  [main] base.BasePage BasePage.java70 - pass:loginButton  element clicked
20230303 11:13:41 INFO  [main] base.BaseTest BaseTest.java61 - goint to urlhttps://login.salesforce.com/
20230303 11:13:43 INFO  [main] base.BasePage BasePage.java58 - pass:usernameElement  element cleared
20230303 11:13:45 INFO  [main] base.BasePage BasePage.java58 - pass:Password  element cleared
20230303 11:13:46 INFO  [main] base.BasePage BasePage.java70 - pass:loginButton  element clicked
20230303 11:13:49 INFO  [main] base.BasePage BasePage.java75 - fail:logout element not displayed
20230303 11:13:51 INFO  [main] base.BaseTest BaseTest.java61 - goint to urlhttps://login.salesforce.com/
20230303 11:13:52 INFO  [main] base.BasePage BasePage.java58 - pass:usernameElement  element cleared
20230303 11:13:53 INFO  [main] base.BasePage BasePage.java58 - pass:Password  element cleared
20230303 11:14:12 INFO  [main] base.BasePage BasePage.java70 - pass:loginButton  element clicked
20230303 11:14:14 INFO  [main] base.BaseTest BaseTest.java61 - goint to urlhttps://login.salesforce.com/
20230303 11:14:15 INFO  [main] base.BasePage BasePage.java58 - pass:usernameElement  element cleared
20230303 11:14:17 INFO  [main] base.BasePage BasePage.java70 - pass:loginButton  element clicked
20230303 11:14:19 INFO  [main] base.BasePage BasePage.java70 - pass:forgotPass  element clicked
20230303 11:14:20 INFO  [main] base.BasePage BasePage.java70 - pass:continueinlogin  element clicked
20230303 11:17:50 INFO  [main] base.BaseTest BaseTest.java61 - goint to urlhttps://login.salesforce.com/
20230303 11:17:52 INFO  [main] base.BasePage BasePage.java58 - pass:usernameElement  element cleared
20230303 11:17:54 INFO  [main] base.BasePage BasePage.java58 - pass:Password  element cleared
20230303 11:17:57 INFO  [main] base.BasePage BasePage.java70 - pass:loginButton  element clicked
20230303 11:18:01 INFO  [main] base.BaseTest BaseTest.java61 - goint to urlhttps://login.salesforce.com/
20230303 11:18:02 INFO  [main] base.BasePage BasePage.java58 - pass:usernameElement  element cleared
20230303 11:18:04 INFO  [main] base.BasePage BasePage.java58 - pass:Password  element cleared
20230303 11:18:05 INFO  [main] base.BasePage BasePage.java70 - pass:loginButton  element clicked
20230303 11:18:08 INFO  [main] base.BaseTest BaseTest.java61 - goint to urlhttps://login.salesforce.com/
20230303 11:18:10 INFO  [main] base.BasePage BasePage.java58 - pass:usernameElement  element cleared
20230303 11:18:11 INFO  [main] base.BasePage BasePage.java58 - pass:Password  element cleared
20230303 11:18:14 INFO  [main] base.BasePage BasePage.java70 - pass:loginButton  element clicked
20230303 11:18:18 INFO  [main] base.BasePage BasePage.java75 - fail:logout element not displayed
20230303 11:18:19 INFO  [main] base.BaseTest BaseTest.java61 - goint to urlhttps://login.salesforce.com/
20230303 11:18:21 INFO  [main] base.BasePage BasePage.java58 - pass:usernameElement  element cleared
20230303 11:18:23 INFO  [main] base.BasePage BasePage.java58 - pass:Password  element cleared
20230303 11:18:37 INFO  [main] base.BasePage BasePage.java70 - pass:loginButton  element clicked
20230303 11:18:38 INFO  [main] base.BaseTest BaseTest.java61 - goint to urlhttps://login.salesforce.com/
20230303 11:18:40 INFO  [main] base.BasePage BasePage.java58 - pass:usernameElement  element cleared
20230303 11:18:42 INFO  [main] base.BasePage BasePage.java70 - pass:loginButton  element clicked
20230303 11:18:44 INFO  [main] base.BasePage BasePage.java70 - pass:forgotPass  element clicked
20230303 11:18:45 INFO  [main] base.BasePage BasePage.java70 - pass:continueinlogin  element clicked
20230303 11:20:48 INFO  [main] base.BaseTest BaseTest.java61 - goint to urlhttps://login.salesforce.com/
20230303 11:21:31 INFO  [main] base.BaseTest BaseTest.java61 - goint to urlhttps://login.salesforce.com/
20230303 11:21:33 INFO  [main] base.BasePage BasePage.java58 - pass:usernameElement  element cleared
20230303 11:21:35 INFO  [main] base.BasePage BasePage.java58 - pass:Password  element cleared
20230303 11:21:37 INFO  [main] base.BasePage BasePage.java70 - pass:loginButton  element clicked
20230303 11:21:42 INFO  [main] base.BaseTest BaseTest.java61 - goint to urlhttps://login.salesforce.com/
20230303 11:21:43 INFO  [main] base.BasePage BasePage.java58 - pass:usernameElement  element cleared
20230303 11:21:46 INFO  [main] base.BasePage BasePage.java58 - pass:Password  element cleared
20230303 11:21:47 INFO  [main] base.BasePage BasePage.java70 - pass:loginButton  element clicked
20230303 11:21:49 INFO  [main] base.BaseTest BaseTest.java61 - goint to urlhttps://login.salesforce.com/
20230303 11:21:51 INFO  [main] base.BasePage BasePage.java58 - pass:usernameElement  element cleared
20230303 11:21:53 INFO  [main] base.BasePage BasePage.java58 - pass:Password  element cleared
20230303 11:21:55 INFO  [main] base.BasePage BasePage.java70 - pass:loginButton  element clicked
20230303 11:21:57 INFO  [main] base.BasePage BasePage.java75 - fail:logout element not displayed
20230303 11:22:00 INFO  [main] base.BaseTest BaseTest.java61 - goint to urlhttps://login.salesforce.com/
20230303 11:22:02 INFO  [main] base.BasePage BasePage.java58 - pass:usernameElement  element cleared
20230303 11:22:04 INFO  [main] base.BasePage BasePage.java58 - pass:Password  element cleared
20230303 11:22:18 INFO  [main] base.BasePage BasePage.java70 - pass:loginButton  element clicked
20230303 11:22:20 INFO  [main] base.BaseTest BaseTest.java61 - goint to urlhttps://login.salesforce.com/
20230303 11:22:21 INFO  [main] base.BasePage BasePage.java58 - pass:usernameElement  element cleared
20230303 11:22:24 INFO  [main] base.BasePage BasePage.java70 - pass:loginButton  element clicked
20230303 11:22:25 INFO  [main] base.BasePage BasePage.java70 - pass:forgotPass  element clicked
20230303 11:22:25 INFO  [main] base.BasePage BasePage.java70 - pass:continueinlogin  element clicked
20230303 11:24:38 INFO  [main] base.BaseTest BaseTest.java61 - goint to urlhttps://login.salesforce.com/
20230303 11:24:40 INFO  [main] base.BasePage BasePage.java58 - pass:usernameElement  element cleared
20230303 11:24:40 INFO  [main] base.BasePage BasePage.java58 - pass:Password  element cleared
20230303 11:24:42 INFO  [main] base.BasePage BasePage.java70 - pass:loginButton  element clicked
20230303 11:24:47 INFO  [main] base.BaseTest BaseTest.java61 - goint to urlhttps://login.salesforce.com/
20230303 11:24:48 INFO  [main] base.BasePage BasePage.java58 - pass:usernameElement  element cleared
20230303 11:24:50 INFO  [main] base.BasePage BasePage.java58 - pass:Password  element cleared
20230303 11:24:51 INFO  [main] base.BasePage BasePage.java70 - pass:loginButton  element clicked
20230303 11:24:53 INFO  [main] base.BaseTest BaseTest.java61 - goint to urlhttps://login.salesforce.com/
20230303 11:24:54 INFO  [main] base.BasePage BasePage.java58 - pass:usernameElement  element cleared
20230303 11:24:56 INFO  [main] base.BasePage BasePage.java58 - pass:Password  element cleared
20230303 11:24:57 INFO  [main] base.BasePage BasePage.java70 - pass:loginButton  element clicked
20230303 11:25:00 INFO  [main] base.BasePage BasePage.java75 - fail:logout element not displayed
20230303 11:25:01 INFO  [main] base.BaseTest BaseTest.java61 - goint to urlhttps://login.salesforce.com/
20230303 11:25:03 INFO  [main] base.BasePage BasePage.java58 - pass:usernameElement  element cleared
20230303 11:25:05 INFO  [main] base.BasePage BasePage.java58 - pass:Password  element cleared
20230303 11:25:18 INFO  [main] base.BasePage BasePage.java70 - pass:loginButton  element clicked
20230303 11:25:20 INFO  [main] base.BaseTest BaseTest.java61 - goint to urlhttps://login.salesforce.com/
20230303 11:25:21 INFO  [main] base.BasePage BasePage.java58 - pass:usernameElement  element cleared
20230303 11:25:23 INFO  [main] base.BasePage BasePage.java70 - pass:loginButton  element clicked
20230303 11:25:24 INFO  [main] base.BasePage BasePage.java70 - pass:forgotPass  element clicked
20230303 11:25:25 INFO  [main] base.BasePage BasePage.java70 - pass:continueinlogin  element clicked
20230303 11:29:52 INFO  [main] base.BaseTest BaseTest.java61 - goint to urlhttps://login.salesforce.com/
20230303 11:29:54 INFO  [main] base.BasePage BasePage.java58 - pass:usernameElement  element cleared
20230303 11:29:56 INFO  [main] base.BasePage BasePage.java58 - pass:Password  element cleared
20230303 11:29:59 INFO  [main] base.BasePage BasePage.java70 - pass:loginButton  element clicked
20230303 11:30:03 INFO  [main] base.BaseTest BaseTest.java61 - goint to urlhttps://login.salesforce.com/
20230303 11:30:04 INFO  [main] base.BasePage BasePage.java58 - pass:usernameElement  element cleared
20230303 11:30:07 INFO  [main] base.BasePage BasePage.java58 - pass:Password  element cleared
20230303 11:30:08 INFO  [main] base.BasePage BasePage.java70 - pass:loginButton  element clicked
20230303 11:30:10 INFO  [main] base.BaseTest BaseTest.java61 - goint to urlhttps://login.salesforce.com/
20230303 11:30:12 INFO  [main] base.BasePage BasePage.java58 - pass:usernameElement  element cleared
20230303 11:30:14 INFO  [main] base.BasePage BasePage.java58 - pass:Password  element cleared
20230303 11:30:16 INFO  [main] base.BasePage BasePage.java70 - pass:loginButton  element clicked
20230303 11:30:18 INFO  [main] base.BasePage BasePage.java75 - fail:logout element not displayed
20230303 11:30:20 INFO  [main] base.BaseTest BaseTest.java61 - goint to urlhttps://login.salesforce.com/
20230303 11:30:22 INFO  [main] base.BasePage BasePage.java58 - pass:usernameElement  element cleared
20230303 11:30:24 INFO  [main] base.BasePage BasePage.java58 - pass:Password  element cleared
20230303 11:30:38 INFO  [main] base.BasePage BasePage.java70 - pass:loginButton  element clicked
20230303 11:30:39 INFO  [main] base.BaseTest BaseTest.java61 - goint to urlhttps://login.salesforce.com/
20230303 11:30:41 INFO  [main] base.BasePage BasePage.java58 - pass:usernameElement  element cleared
20230303 11:30:44 INFO  [main] base.BasePage BasePage.java70 - pass:loginButton  element clicked
20230303 11:30:46 INFO  [main] base.BasePage BasePage.java70 - pass:forgotPass  element clicked
20230303 11:30:47 INFO  [main] base.BasePage BasePage.java70 - pass:continueinlogin  element clicked
20230303 11:45:04 INFO  [main] base.BaseTest BaseTest.java61 - goint to urlhttps://login.salesforce.com/
20230303 11:45:05 INFO  [main] base.BasePage BasePage.java58 - pass:Password  element cleared
20230303 11:45:07 INFO  [main] base.BasePage BasePage.java70 - pass:loginButton  element clicked
20230303 11:45:48 INFO  [main] base.BaseTest BaseTest.java61 - goint to urlhttps://login.salesforce.com/
20230303 11:45:50 INFO  [main] base.BasePage BasePage.java58 - pass:usernameElement  element cleared
20230303 11:45:52 INFO  [main] base.BasePage BasePage.java58 - pass:Password  element cleared
20230303 11:45:54 INFO  [main] base.BasePage BasePage.java70 - pass:loginButton  element clicked
20230303 11:46:18 INFO  [main] base.BaseTest BaseTest.java61 - goint to urlhttps://login.salesforce.com/
20230303 11:46:19 INFO  [main] base.BasePage BasePage.java58 - pass:usernameElement  element cleared
20230303 11:46:21 INFO  [main] base.BasePage BasePage.java58 - pass:Password  element cleared
20230303 11:46:22 INFO  [main] base.BasePage BasePage.java70 - pass:loginButton  element clicked
20230303 11:46:25 INFO  [main] base.BaseTest BaseTest.java61 - goint to urlhttps://login.salesforce.com/
20230303 11:46:26 INFO  [main] base.BasePage BasePage.java58 - pass:usernameElement  element cleared
20230303 11:46:29 INFO  [main] base.BasePage BasePage.java58 - pass:Password  element cleared
20230303 11:46:30 INFO  [main] base.BasePage BasePage.java70 - pass:loginButton  element clicked
20230303 11:46:35 INFO  [main] base.BasePage BasePage.java75 - fail:logout element not displayed
20230303 11:46:37 INFO  [main] base.BaseTest BaseTest.java61 - goint to urlhttps://login.salesforce.com/
20230303 11:46:39 INFO  [main] base.BasePage BasePage.java58 - pass:usernameElement  element cleared
20230303 11:46:41 INFO  [main] base.BasePage BasePage.java58 - pass:Password  element cleared
